2022-10-24 23:11:08,368 : INFO : scraper.clean_data : Cleaning records data
2022-10-24 23:11:18,152 : INFO : scraper.clean_data : Cleaning records data
2022-10-24 23:13:22,091 : ERROR : scraper.scrape : KeyError on dict 'data' with category: 'new', name: '23lc1024t-i/sn, статическое озу 1mбит 20мгц 8soic' and website_name: 'promelec'
Traceback (most recent call last):
  File "D:\PyProjects\analparser\scraper\scraper\scrape.py", line 48, in get_product_data
    product_data = data[category][name][website_name]
KeyError: 'new'
2022-10-24 23:14:13,614 : INFO : scraper.delete_data : Deleting all products and categories
2022-10-24 23:14:46,911 : INFO : scraper.add_product : Adding product with category 'new' and url 'https://www.promelec.ru/product/161576/'
2022-10-24 23:58:10,083 : ERROR : scraper.domains : Could not get all the data needed from url: https://www.promelec.ru/product/161576/
Traceback (most recent call last):
  File "D:\PyProjects\analparser\scraper\scraper\domains.py", line 36, in get_product_info
    quantity = self._get_product_quantity()
  File "D:\PyProjects\analparser\scraper\scraper\domains.py", line 459, in _get_product_quantity
    return int(self.request_data.find("span", class_="table-list__counter").text)
ValueError: invalid literal for int() with base 10: 'В наличии'
2022-10-24 23:58:50,826 : ERROR : scraper.domains : Could not get all the data needed from url: https://www.promelec.ru/product/161576/
Traceback (most recent call last):
  File "D:\PyProjects\analparser\scraper\scraper\domains.py", line 36, in get_product_info
    quantity = self._get_product_quantity()
  File "D:\PyProjects\analparser\scraper\scraper\domains.py", line 460, in _get_product_quantity
    return int(self.request_data.find("span", class_="table-list__counter").text)
ValueError: invalid literal for int() with base 10: 'В наличии'
2022-10-24 23:59:33,715 : ERROR : scraper.domains : Could not get all the data needed from url: https://www.promelec.ru/product/161576/
Traceback (most recent call last):
  File "D:\PyProjects\analparser\scraper\scraper\domains.py", line 36, in get_product_info
    quantity = self._get_product_quantity()
  File "D:\PyProjects\analparser\scraper\scraper\domains.py", line 460, in _get_product_quantity
    return int(self.request_data.find("span", class_="table-list__counter").text)
ValueError: invalid literal for int() with base 10: 'В наличии'
2022-10-25 00:00:07,062 : ERROR : scraper.domains : Could not get all the data needed from url: https://www.promelec.ru/product/161576/
Traceback (most recent call last):
  File "D:\PyProjects\analparser\scraper\scraper\domains.py", line 36, in get_product_info
    quantity = self._get_product_quantity()
  File "D:\PyProjects\analparser\scraper\scraper\domains.py", line 460, in _get_product_quantity
    return int(self.request_data.find("span", class_="table-list__counter").text)
ValueError: invalid literal for int() with base 10: 'В наличии'
2022-10-25 00:00:32,910 : ERROR : scraper.domains : Could not get all the data needed from url: https://www.promelec.ru/product/161576/
Traceback (most recent call last):
  File "D:\PyProjects\analparser\scraper\scraper\domains.py", line 36, in get_product_info
    quantity = self._get_product_quantity()
  File "D:\PyProjects\analparser\scraper\scraper\domains.py", line 460, in _get_product_quantity
    return int(self.request_data.find("span", class_="table-list__counter").text)
ValueError: invalid literal for int() with base 10: 'В наличии'
2022-10-25 00:00:40,147 : ERROR : scraper.domains : Could not get all the data needed from url: https://www.promelec.ru/product/161576/
Traceback (most recent call last):
  File "D:\PyProjects\analparser\scraper\scraper\domains.py", line 36, in get_product_info
    quantity = self._get_product_quantity()
  File "D:\PyProjects\analparser\scraper\scraper\domains.py", line 460, in _get_product_quantity
    return int(self.request_data.find("span", class_="table-list__counter").text)
ValueError: invalid literal for int() with base 10: 'В наличии'
2022-10-25 00:00:50,867 : ERROR : scraper.domains : Could not get all the data needed from url: https://www.promelec.ru/product/161576/
Traceback (most recent call last):
  File "D:\PyProjects\analparser\scraper\scraper\domains.py", line 36, in get_product_info
    quantity = self._get_product_quantity()
  File "D:\PyProjects\analparser\scraper\scraper\domains.py", line 460, in _get_product_quantity
    return int(self.request_data.find("span", class_="table-list__counter").text)
ValueError: invalid literal for int() with base 10: 'В наличии'
2022-10-25 00:01:02,091 : ERROR : scraper.domains : Could not get all the data needed from url: https://www.promelec.ru/product/161576/
Traceback (most recent call last):
  File "D:\PyProjects\analparser\scraper\scraper\domains.py", line 36, in get_product_info
    quantity = self._get_product_quantity()
  File "D:\PyProjects\analparser\scraper\scraper\domains.py", line 460, in _get_product_quantity
    return int(self.request_data.find("span", class_="table-list__counter").text)
ValueError: invalid literal for int() with base 10: 'В наличии'
2022-10-25 00:01:21,947 : ERROR : scraper.domains : Could not get all the data needed from url: https://www.promelec.ru/product/161576/
Traceback (most recent call last):
  File "D:\PyProjects\analparser\scraper\scraper\domains.py", line 36, in get_product_info
    quantity = self._get_product_quantity()
  File "D:\PyProjects\analparser\scraper\scraper\domains.py", line 460, in _get_product_quantity
    return int(self.request_data.find("span", class_="table-list__counter").text)
ValueError: invalid literal for int() with base 10: 'В наличии'
2022-10-25 11:32:38,833 : INFO : scraper.add_product : Adding product with category 'TI' and url 'https://www.promelec.ru/product/254413/'
2022-10-25 11:32:39,145 : ERROR : scraper.domains : Could not get all the data needed from url: https://www.promelec.ru/product/254413/
Traceback (most recent call last):
  File "E:\PyProjects\analp\analparser.analytics\scraper\domains.py", line 36, in get_product_info
    quantity = self._get_product_quantity()
  File "E:\PyProjects\analp\analparser.analytics\scraper\domains.py", line 460, in _get_product_quantity
    return int(self.request_data.find_all("span", class_="table-list__counter")[-2].text.replace('шт', '').strip())
ValueError: invalid literal for int() with base 10: 'Мин: 4'
2022-10-25 11:35:45,572 : INFO : scraper.add_product : Adding product with category 'TI' and url 'https://www.promelec.ru/product/254413/'
